[vr.justeasy.cn/view/7463950ef4.html]
[backblue.gif]
[fade.gif]
[index.html]
[vr.justeasy.cn/view/layer[viewnum].html]
[res1.justeasy.cn/js/jquery.min.js]
[res1.justeasy.cn/js/layer/layer.js]
[res.wx.qq.com/open/js/jweixin-1.0.0.js]
[res1.justeasy.cn/js/jquery.qrcode.min.js]
[vr.justeasy.cn/view/7463950ef4.html]
[res.wx.qq.com/open/js/jweixin-1.0.0.js]
[res1.justeasy.cn/vr16/tour.js]
[res1.justeasy.cn/vr16/skin/icon-fx.png]
[res1.justeasy.cn/vr16/skin/icon_like.png]
[res1.justeasy.cn/vr16/skin/icon-dh1.png]
[res1.justeasy.cn/vr16/skin/icon-wzy.png]
[res1.justeasy.cn/vr16/skin/icon-cj.png]
[res1.justeasy.cn/css/vr-preview3f71.css]
[vr.justeasy.cn/view/layer[viewnum].html]
[res1.justeasy.cn/images/vr-close.png]
[hm.baidu.com/hm6bf7.js]
[res1.justeasy.cn/vr16/skin/icon_liked.png]
[res1.justeasy.cn/images/new/selectbg.jpg]
